0 info it worked if it ends with ok
1 verbose cli [ 'node', '/usr/local/bin/npm', 'install', 'bower', '-g' ]
2 info using npm@2.11.3
3 info using node@v0.12.7
4 verbose install initial load of /usr/local/lib/package.json
5 verbose readDependencies loading dependencies from /usr/local/lib/package.json
6 silly cache add args [ 'bower', null ]
7 verbose cache add spec bower
8 silly cache add parsed spec { raw: 'bower',
8 silly cache add   scope: null,
8 silly cache add   name: 'bower',
8 silly cache add   rawSpec: '',
8 silly cache add   spec: '*',
8 silly cache add   type: 'range' }
9 silly addNamed bower@*
10 verbose addNamed "*" is a valid semver range for bower
11 silly addNameRange { name: 'bower', range: '*', hasData: false }
12 silly mapToRegistry name bower
13 silly mapToRegistry using default registry
14 silly mapToRegistry registry https://registry.npmjs.org/
15 silly mapToRegistry uri https://registry.npmjs.org/bower
16 verbose addNameRange registry:https://registry.npmjs.org/bower not in flight; fetching
17 verbose get https://registry.npmjs.org/bower not expired, no request
18 silly addNameRange number 2 { name: 'bower', range: '*', hasData: true }
19 silly addNameRange versions [ 'bower',
19 silly addNameRange   [ '0.1.0',
19 silly addNameRange     '0.1.2',
19 silly addNameRange     '0.1.3',
19 silly addNameRange     '0.2.0',
19 silly addNameRange     '0.3.0',
19 silly addNameRange     '0.3.1',
19 silly addNameRange     '0.3.2',
19 silly addNameRange     '0.4.0',
19 silly addNameRange     '0.5.0',
19 silly addNameRange     '0.5.1',
19 silly addNameRange     '0.6.0',
19 silly addNameRange     '0.6.1',
19 silly addNameRange     '0.6.2',
19 silly addNameRange     '0.6.3',
19 silly addNameRange     '0.6.4',
19 silly addNameRange     '0.6.5',
19 silly addNameRange     '0.6.6',
19 silly addNameRange     '0.6.7',
19 silly addNameRange     '0.6.8',
19 silly addNameRange     '0.7.0',
19 silly addNameRange     '0.7.1',
19 silly addNameRange     '0.8.0',
19 silly addNameRange     '0.8.1',
19 silly addNameRange     '0.8.2',
19 silly addNameRange     '0.8.3',
19 silly addNameRange     '0.8.4',
19 silly addNameRange     '0.8.5',
19 silly addNameRange     '0.8.6',
19 silly addNameRange     '0.9.0',
19 silly addNameRange     '0.9.1',
19 silly addNameRange     '0.9.2',
19 silly addNameRange     '0.10.0',
19 silly addNameRange     '1.0.0',
19 silly addNameRange     '1.0.1',
19 silly addNameRange     '1.0.2',
19 silly addNameRange     '1.0.3',
19 silly addNameRange     '1.1.0',
19 silly addNameRange     '1.1.1',
19 silly addNameRange     '1.1.2',
19 silly addNameRange     '1.2.0',
19 silly addNameRange     '1.2.1',
19 silly addNameRange     '1.2.2',
19 silly addNameRange     '1.2.3',
19 silly addNameRange     '1.2.4',
19 silly addNameRange     '1.2.5',
19 silly addNameRange     '1.2.6',
19 silly addNameRange     '1.2.7',
19 silly addNameRange     '1.2.8',
19 silly addNameRange     '1.3.0',
19 silly addNameRange     '1.3.1',
19 silly addNameRange     '1.3.2',
19 silly addNameRange     '1.3.3',
19 silly addNameRange     '1.3.4',
19 silly addNameRange     '1.3.5',
19 silly addNameRange     '1.3.6',
19 silly addNameRange     '1.3.7',
19 silly addNameRange     '1.3.8',
19 silly addNameRange     '1.3.9',
19 silly addNameRange     '1.3.10',
19 silly addNameRange     '1.3.11',
19 silly addNameRange     '1.3.12',
19 silly addNameRange     '1.4.0',
19 silly addNameRange     '1.4.1' ] ]
20 silly addNamed bower@1.4.1
21 verbose addNamed "1.4.1" is a plain semver version for bower
22 silly cache afterAdd bower@1.4.1
23 verbose afterAdd /Users/datlt/.npm/bower/1.4.1/package/package.json not in flight; writing
24 verbose afterAdd /Users/datlt/.npm/bower/1.4.1/package/package.json written
25 silly install resolved [ { name: 'bower',
25 silly install resolved     version: '1.4.1',
25 silly install resolved     description: 'The browser package manager',
25 silly install resolved     author: { name: 'Twitter' },
25 silly install resolved     licenses: [ [Object] ],
25 silly install resolved     repository: { type: 'git', url: 'git+https://github.com/bower/bower.git' },
25 silly install resolved     main: 'lib',
25 silly install resolved     homepage: 'http://bower.io',
25 silly install resolved     engines: { node: '>=0.10.0' },
25 silly install resolved     dependencies:
25 silly install resolved      { abbrev: '^1.0.5',
25 silly install resolved        archy: '1.0.0',
25 silly install resolved        'bower-config': '^0.6.1',
25 silly install resolved        'bower-endpoint-parser': '^0.2.2',
25 silly install resolved        'bower-json': '^0.4.0',
25 silly install resolved        'bower-logger': '^0.2.2',
25 silly install resolved        'bower-registry-client': '^0.3.0',
25 silly install resolved        cardinal: '0.4.4',
25 silly install resolved        chalk: '^1.0.0',
25 silly install resolved        chmodr: '0.1.0',
25 silly install resolved        configstore: '^0.3.2',
25 silly install resolved        'decompress-zip': '^0.1.0',
25 silly install resolved        fstream: '^1.0.3',
25 silly install resolved        'fstream-ignore': '^1.0.2',
25 silly install resolved        github: '^0.2.3',
25 silly install resolved        glob: '^4.3.2',
25 silly install resolved        'graceful-fs': '^3.0.5',
25 silly install resolved        handlebars: '^2.0.0',
25 silly install resolved        inquirer: '0.8.0',
25 silly install resolved        insight: '^0.5.0',
25 silly install resolved        'is-root': '^1.0.0',
25 silly install resolved        junk: '^1.0.0',
25 silly install resolved        lockfile: '^1.0.0',
25 silly install resolved        'lru-cache': '^2.5.0',
25 silly install resolved        mkdirp: '0.5.0',
25 silly install resolved        mout: '^0.11.0',
25 silly install resolved        nopt: '^3.0.1',
25 silly install resolved        opn: '^1.0.1',
25 silly install resolved        'p-throttler': '0.1.1',
25 silly install resolved        promptly: '0.2.0',
25 silly install resolved        q: '^1.1.2',
25 silly install resolved        request: '2.53.0',
25 silly install resolved        'request-progress': '0.3.1',
25 silly install resolved        retry: '0.6.1',
25 silly install resolved        rimraf: '^2.2.8',
25 silly install resolved        semver: '^2.3.0',
25 silly install resolved        'shell-quote': '^1.4.2',
25 silly install resolved        'stringify-object': '^1.0.0',
25 silly install resolved        'tar-fs': '^1.4.1',
25 silly install resolved        tmp: '0.0.24',
25 silly install resolved        'update-notifier': '^0.3.0',
25 silly install resolved        'user-home': '^1.1.0',
25 silly install resolved        which: '^1.0.8' },
25 silly install resolved     devDependencies:
25 silly install resolved      { chai: '^1.10.0',
25 silly install resolved        coveralls: '^2.11.2',
25 silly install resolved        'expect.js': '^0.3.1',
25 silly install resolved        grunt: '^0.4.5',
25 silly install resolved        'grunt-cli': '^0.1.13',
25 silly install resolved        'grunt-contrib-jshint': '^0.10.0',
25 silly install resolved        'grunt-contrib-watch': '^0.6.1',
25 silly install resolved        'grunt-exec': '^0.4.6',
25 silly install resolved        'grunt-simple-mocha': '^0.4.0',
25 silly install resolved        istanbul: '^0.3.5',
25 silly install resolved        'load-grunt-tasks': '^2.0.0',
25 silly install resolved        mocha: '^2.1.0',
25 silly install resolved        multiline: '^1.0.2',
25 silly install resolved        nock: '^0.56.0',
25 silly install resolved        'node-uuid': '^1.4.2',
25 silly install resolved        proxyquire: '^1.3.0',
25 silly install resolved        'spawn-sync': '^1.0.5' },
25 silly install resolved     scripts: { test: 'grunt test' },
25 silly install resolved     bin: { bower: 'bin/bower' },
25 silly install resolved     preferGlobal: true,
25 silly install resolved     gitHead: 'a1287416d40f944d58cb8f2e774e2076bfffd32f',
25 silly install resolved     bugs: { url: 'https://github.com/bower/bower/issues' },
25 silly install resolved     _id: 'bower@1.4.1',
25 silly install resolved     _shasum: 'a18be39d030792754f30f1c5b32d37b0156ba8dd',
25 silly install resolved     _from: 'bower@*',
25 silly install resolved     _npmVersion: '2.7.4',
25 silly install resolved     _nodeVersion: '0.12.0',
25 silly install resolved     _npmUser: { name: 'sheerun', email: 'sheerun@sher.pl' },
25 silly install resolved     maintainers: [ [Object], [Object], [Object], [Object], [Object], [Object] ],
25 silly install resolved     dist:
25 silly install resolved      { shasum: 'a18be39d030792754f30f1c5b32d37b0156ba8dd',
25 silly install resolved        tarball: 'http://registry.npmjs.org/bower/-/bower-1.4.1.tgz' },
25 silly install resolved     directories: {},
25 silly install resolved     _resolved: 'https://registry.npmjs.org/bower/-/bower-1.4.1.tgz',
25 silly install resolved     readme: 'ERROR: No README data found!' } ]
26 info install bower@1.4.1 into /usr/local/lib
27 info installOne bower@1.4.1
28 verbose installOne of bower to /usr/local/lib not in flight; installing
29 verbose lock using /Users/datlt/.npm/_locks/bower-e8debc5417026b57.lock for /usr/local/lib/node_modules/bower
30 silly install write writing bower 1.4.1 to /usr/local/lib/node_modules/bower
31 verbose unbuild lib/node_modules/bower
32 silly gentlyRm /usr/local/lib/node_modules/bower is being purged from base /usr/local
33 verbose gentlyRm don't care about contents; nuking /usr/local/lib/node_modules/bower
34 verbose tar unpack /Users/datlt/.npm/bower/1.4.1/package.tgz
35 verbose tar unpacking to /usr/local/lib/node_modules/bower
36 silly gentlyRm /usr/local/lib/node_modules/bower is being purged
37 verbose gentlyRm don't care about contents; nuking /usr/local/lib/node_modules/bower
38 silly gunzTarPerm modes [ '755', '644' ]
39 error tar.unpack untar error /Users/datlt/.npm/bower/1.4.1/package.tgz
40 verbose unlock done using /Users/datlt/.npm/_locks/bower-e8debc5417026b57.lock for /usr/local/lib/node_modules/bower
41 verbose fstream_path /usr/local/lib/node_modules/bower
42 verbose fstream_type Directory
43 verbose fstream_class DirWriter
44 verbose stack Error: EACCES, mkdir '/usr/local/lib/node_modules/bower'
44 verbose stack     at Error (native)
45 verbose fstream_stack /usr/local/lib/node_modules/npm/node_modules/fstream/lib/dir-writer.js:35:25
45 verbose fstream_stack /usr/local/lib/node_modules/npm/node_modules/mkdirp/index.js:47:53
45 verbose fstream_stack FSReqWrap.oncomplete (fs.js:95:15)
46 verbose cwd /Applications/MAMP/htdocs/dinhln
47 error Darwin 14.3.0
48 error argv "node" "/usr/local/bin/npm" "install" "bower" "-g"
49 error node v0.12.7
50 error npm  v2.11.3
51 error path /usr/local/lib/node_modules/bower
52 error code EACCES
53 error errno -13
54 error Error: EACCES, mkdir '/usr/local/lib/node_modules/bower'
54 error     at Error (native)
54 error  { [Error: EACCES, mkdir '/usr/local/lib/node_modules/bower']
54 error   errno: -13,
54 error   code: 'EACCES',
54 error   path: '/usr/local/lib/node_modules/bower',
54 error   fstream_type: 'Directory',
54 error   fstream_path: '/usr/local/lib/node_modules/bower',
54 error   fstream_class: 'DirWriter',
54 error   fstream_stack:
54 error    [ '/usr/local/lib/node_modules/npm/node_modules/fstream/lib/dir-writer.js:35:25',
54 error      '/usr/local/lib/node_modules/npm/node_modules/mkdirp/index.js:47:53',
54 error      'FSReqWrap.oncomplete (fs.js:95:15)' ] }
55 error Please try running this command again as root/Administrator.
56 verbose exit [ -13, true ]
57 verbose unbuild lib/node_modules/bower
58 silly gentlyRm /usr/local/lib/node_modules/bower is being purged from base /usr/local
59 verbose gentlyRm don't care about contents; nuking /usr/local/lib/node_modules/bower
